500
0 6029 976 226 8023 1435 4486 1452 7186 3298 9759 4178 6067 2736
1 3802 2190 3941 3670 6733 5882 204 3592 1296 2177 6774 812
2 1434 9092 2911 859 1184 3698 5369 2772 9717
3 6692 8893 3630 2192 871 8572 5317 2802 6606 5159 3596 2607 6653 490 2560
4 4314 5122 1147 3697 6459 1541 3396 9965 7043 8717 1962 199 9995 9874 6426 8460 1319
5 7820 4787 9970 6155 418 7442 2447 4722 4720 5532 2248 2345 7006 3838
6 7285 3330 374 6529 4812 4388 1834 6527 9351 8740 9364 8637
7 5063 6481 1403 9844 9651 6972 5859 231 1982
8 9957 8693 3493 8895 780 1417 1096 7201 4911 9997 7193 5393
9 7756 7740 4121 6290 3099 475 3538 8999 3194 7400 7537 3643 2129 8758
10 843 7631 1105 1638 6045 9921 8527 1272 1450 834 4490 5023 2956 259 1445 3787 9820
11 252 8515 2663 484 1681 5162 1507 9328 4593
12 8696 4695 1326 4288 7907 7869 4347 5312 1849 9550 4622
13 4606 307 1535 8408 3235 2723 8453 6743 5375 3625 754 1719 4779 4136
14 6526 1462 9478 1011 8602 3876 4004 9101 9400 3549 6281 1045 1260 5968
15 1774 851 4657 1882 9006 3456 1773 3883 7066 4761 4380
16 9908 1053 4028 9766 2785 6876 723 9156 266 1611
17 1524 6356 1876 4436 1944 6462 5605 967 8824 1576 1079 1666 5041 9263 3561
18 8775 317 6313 995 1954 2111 1572 2220 5010 367 7884 362
19 2555 1979 3808 2454 9726 6525 5135 8057 7941 5027 3794 8514 2590
20 7566 9549 6317 9054 8888 7912 5707 3892 5977 7121
21 3279 8511 3626 260 4495 2431 6765 4042 2436 1770
22 4348 9699 3893 9218 9361 1402 2534 2592 3736 2118 7220
23 2806 9344 924 9128 8833 2967 4381 2946 9809
24 4176 7120 8123 961 7171 5483 3419 4206 9121 5427 6263
25 5090 6040 6390 3177 4131 7322 2845 2945 7137 6231 8543 6467
26 5198 4355 8551 7533 8346 167 3929 8823 5025 6340
27 898 3290 7874 4038 9741 5040 5070 8906 5398 7929 6912 6918 5794 2161
28 8043 8912 2223 9718 8393 7326 832 5708 2105 8605 7119 7604 1344
29 79 6438 1083 6474 5295 9973 1531 6943 2787 4934 6881 7540 6869 1494
30 569 4315 5852 5932 9035 258 7917 4892 9004 2749 4786
31 6014 5124 5344 3913 7034 1766 3408 4936 6000 9556 7167 1953 7851 8816
32 8811 4823 6891 1839 8796 7412 1557 5583 6119 2950 3661 1328 7439 244 4991
33 8812 1125 2540 4053 5138 9966 5308 9803 6831 3168 2727 4961
34 2283 7396 230 1376 2653 4838 2103 4754 1035 3918 4859
35 2423 6487 7472 5692 5551 6276 9687 4912 180 5521 2418
36 6734 8409 7299 3624 2421 1257 5703 9416 7614 7054 2239 6126 7057 2424
37 1429 2666 1353 5341 5667 8340 1362 1804 9980 499 2067 4395 2125
38 7423 2740 2558 8349 6804 8655 4533 598 9861 280 4018 7791
39 6306 7407 4803 7561 885 7758 1717 4140 8787 4559 3080 2879 7234 4534 22 8566
40 1149 2635 5750 7003 2755 6370 5476 1457 1827 7195
41 4973 1545 2092 1688 6910 8534 1951 6680 635
42 1276 3981 4367 9026 6424 9744 5466 52 4661 7296 3707 7313 4306 8595 8157 3311 4224
43 8135 8697 8064 2885 4363 8223 8971 6950 4735 1123 3457 2339
44 9659 777 9300 8549 4274 1082 6494 5172 7939 8265 3306 505
45 5340 4399 6270 1920 7013 7123 3325 1595 6997 2235 4929 1978 4159 2294 8263 4561 161 4429 5478
46 1900 7824 3058 8475 60 6544 918 7749 5409 6033 6135 9367
47 1943 8676 9147 7593 3778 7595 9547 8878 9132 3150
48 9129 9050 7048 2609 8681 4051 4023 2453 9485 5744 8200 5617 891
49 9107 3100 5356 2282 7255 3315 9063 571 7210 7160 2972 4419 4546 3005
50 4199 9088 6368 5578 9731 8246 9138 1455 6857 9419 1513 3587 1343
51 232 9609 8535 1672 2398 7274 660 2164 7269 4084 2341 3978 9302 1049
52 6336 6419 2162 9250 4424 308 3471 7682 1274 613
53 2304 7669 6613 8844 1464 7293 4162 6111 4426 7865 4746 2676 8160 8718 532
54 8104 8592 5475 7911 1427 1033 7562 276 7353 5850
55 6453 4670 6376 7446 3662 7147 9468 1416 2217 2672 5592 6311 4684
56 5788 9533 5531 3819 1554 5350 1398 8617 1230 1626 4265 1510 4913 3287 9376
57 5368 4846 3374 4629 2281 6978 9649 5143 1627 4675 2771 4133 582 8163
58 9086 2704 81 6926 8318 5948 8 2336 6805 1746 4327 5422
59 279 9825 4391 3612 8840 6433 1080 3644 2573 9653 5406 4741 9558 3904
60 7257 7263 4552 2079 6425 8255 982 7975 1145 4345 4586 8937
61 412 385 895 1958 3764 2992 8653 2054 8432 6522 765 655 2512
62 6360 2836 6941 9307 9154 7505 4005 1009 7659 585 8219
63 6817 122 9022 8789 5001 8153 2405 8522 1664 9080 8793
64 4035 4021 6261 5003 4263 1250 9044 1072 7628 8817 1335 7493 4710 3703 6550
65 9127 3796 8854 2389 4301 5557 2213 2258 1239
66 9713 3197 4169 7640 5619 7357 6873 7181 6181
67 1396 7630 451 268 5748 1935 473 6312 1142 6890 8976 3803 4450 6154
68 8259 1786 6515 4227 8336 8451 277 4955 873 5595 2610 5007
69 4765 3006 9852 1299 6188 4743 5298 1928 3562 8805 4322 2719 5078 5714
70 7266 6184 164 3244 4357 540 1987 3424 6415 2699 7228 8467 4830 23 8538
71 2305 2337 6695 5228 999 1093 1783 8480 7168 5899 4349 3977
72 2003 7397 7890 8670 460 2455 9062 6414 3551 1977
73 5062 6287 8665 7733 8721 7787 8002 9104 4653 1180 3751
74 135 7517 7977 1020 7061 6686 8728 9123 639 6027 242 7606 5326 757 1590
75 9354 5803 9363 5684 7708 1089 8846 1392 7191 7546
76 9347 6061 6797 4292 7948 3971 2576 625 7692 1198 1014 286 2693 9898 8513 2903
77 5397 7438 8343 6675 6616 3469 9493 6005 5550 7923 1010 5737 2028 6058 3745 8216
78 6802 9688 6447 5824 2566 1549 1200 2368 4083 9642 7122 4134
79 8716 6365 8412 4969 8271 5329 9076 2902 4344 2509 6542
80 9290 684 1345 5092 3645 386 1420 5348 3370 9244 1383 955 751 4970
81 9241 4809 8268 7491 7578 9282 3169 1304 3864 8925 9505 8311
82 2156 8249 2551 8103 2559 6001 6031 763 6510 2042
83 7488 9496 4940 4060 3042 4626 1537 131 2342 3467 3558 6041 4541 6010
84 9023 1583 4143 5992 153 6171 7463 2033 8290 2422 7327 8864 4985 3340
85 707 9114 4068 6520 7270 685 7113 9557 173 9757 5345 8303 5152
86 4378 5986 2227 1925 562 5211 1996 4824 6123 868 3599 736 9350
87 46 6044 9007 4923 9969 8006 5109 8328 6180 4538 5729 2622 7968
88 4311 3398 1038 5556 428 2203 1683 7306 202 4505 8353 2240 8859 496 524
89 8855 4109 8164 2468 1463 1528 1322 6935 9235 9676 6054 2497
90 8095 8759 9213 7752 2219 792 9268 5944 9610 2575 8554 3729
91 2943 188 2731 4286 4783 7786 5828 9422 6799 4258 5073 1136 2275 6837 949 5836 8193
92 7179 867 5529 6896 3710 9539 452 6236 8370 1024 2435 8762 7769
93 5286 4977 3345 216 6366 2710 4325 7104 8680 2466 8880 1161
94 183 7840 3908 5691 5502 2711 5722 5622 2779 3084
95 4828 2004 906 4656 13 8761 7256 4318 4364 4583 3616
96 8439 4132 5218 9018 3786 2777 2683 2357 5546 5384 6116 648 3051 6640
97 4539 9270 9295 116 9003 2878 3394 8862 7607 1698 5998 9702 8101 2939 5795 6917
98 5239 6913 3557 1444 9029 4477 4517 1310 8245 764 9330 3017 3095 5075 8305
99 3553 5946 1617 4551 4775 6339 3348 1048 3897 2564 1835 461
100 9043 9545 6697 6657 4122 1021 8675 9953 4780 6624
101 8828 5644 537 4253 4046 2910 7986 9238 8352 1233 634 2757 4728 3926
102 6980 5902 425 8090 4703 2420 3855 2585 8647 214 3372 6035 9248
103 5784 7919 9720 299 2181 2541 1488 4713 4167 7671 869
104 6584 2413 647 1788 8921 2278 8431 3241 4848 2465 2689 2583 4906 8510 7194 3376 2858
105 4254 9040 2521 7984 5884 5571 8004 3666 7926 3334 1352 6259 5280
106 4967 5848 2983 9641 5661 594 5499 5715 6208 82 7062 6573 5332
107 7553 8756 480 1501 7589 4351 4750 2717 7970 3188 554 8678 7486
108 5698 8435 6809 2844 8753 7721 7252 3353 30 4542 1327 4229 5407 8911 3841
109 8930 2480 1060 1002 701 5418 2976 3902 7204 4992 6636 4749 6038 5338
110 2265 7518 3709 5787 7680 7506 9111 3884 7355 1686 6745 7747
111 2537 3238 5961 4778 711 8903 7841 8097 3294 3583 1195 2644 5533
112 7456 5053 3379 502 5220 9316 1301 5749 3988 4352 7170 6560 6457 132 8577
113 9685 1668 390 5246 8337 9722 9529 8508 4880 8080 4530 3722
114 5088 494 2179 5865 7454 5840 337 653 7069 3297 5494 7833 8173 7556 6324 5621 8234
115 1750 770 925 2391 2931 1102 2211 6337 4054 3615 644 9932 7261 1711
116 6669 2049 6993 8962 3157 3480 5937 8638 5731
117 9374 468 6554 5783 583 6818 291 1336 760 39 1064 2701 8645 1027 8481
118 7278 4441 6446 7632 305 8490 7639 7346 8933 7420 1702
119 4939 1000 5624 3692 4708 8913 9513 1721 7445 7321
120 3513 7759 9296 643 5652 7663 3656 5283 1414 782 3544 1905 3755 8351 4986
121 2662 506 179 3192 2742 1551 667 4414 9172 4243 2017
122 9377 8452 7548 5900 6012 9543 4668 539 2385 8264
123 8528 9740 6096 9011 3350 4740 5508 6879 4556 304
124 5762 9758 2875 2598 7185 4213 5522 1271 6693 752 5245 6783 7197 4331 8376 2417
125 200 2100 523 9089 4971 9752 9799 7629 5552 4312 212 8861 6331 6963 8738 5548 7233
126 6327 1454 8069 7481 4996 4166 7223 7358 4623 3619 449 4888
127 4232 9573 2877 146 5161 2532 7877 4007 8147 157 4247 1070 6914
128 2340 3543 3308 6523 6971 333 2747 6043 7701 8797 1805 8119 4937 8131 8827
129 4757 6020 6521 6938 6698 5776 6013 4293 7140 3514 441 491
130 4811 7376 9574 2909 5915 1813 6556 7910 9283 7547 9887
131 4020 8560 3191 6382 6909 8887 4260 5126 7 5831 2948 6601 5804 3510
132 2615 7001 8765 6775 1815 8158 9431 7381 7942 2488 620
133 9260 4500 3264 9681 5519 8621 7305 5301 6412 2748 8668 9923
134 5014 1234 5996 6500 9857 3272 4650 9972 1588 5093 3214
135 4799 6229 5603 6114 5468 7880 786 9839 389 1359 364 9169
136 75 7955 1597 7127 5755 1801 981 7684 5517 3447 5766 270 120 7447
137 5072 8863 3252 5045 919 4938 663 7196 7816 8213 8807 7559
138 3338 8982 3992 3649 9693 2379 2070 8167 8464 7144
139 1570 2035 2319 9090 440 1795 1432 7811 4908 8699 1767
140 778 9678 3859 6493 2835 1157 2751 6242 3806 400
141 3364 9832 702 8334 9865 4412 1273 6278 9715 6417 6877
142 2301 2786 6835 9999 2359 8052 7601 1633 3057 8174
143 3491 5943 9214 7451 9343 9517 4698 3067 6355 4181 9576 2404 673
144 8121 2518 375 2267 7563 9714 8677 4194 8074 580 2169 794
145 1216 2873 8332 6888 1665 361 5469 5941 5465 6089 8329 8580 4995 3383 9041 6739 3382
146 5224 1985 1706 3148 2546 6112 7839 2817 2613 3759 5711 7799 3665
147 4481 5725 9188 9692 3494 465 6744 4843 4883 7674 4065 3885 6216 6931 5282
148 3023 7200 745 6883 697 948 7961 4188 85 6749 2115 2949 3142 423 3683
149 7333 2986 4362 7744 2425 5801 6985 5634 8350 4805 8274 3540 3262 4416 6420
150 7895 6959 9331 8684 4569 4807 6708 7909 1793 3288 7510
151 7864 9191 6274 8176 1712 4744 2150 8536 4904 7004 4645 7401 8973 4483
152 3092 6555 9027 7860 6003 7065 9686 9069 3232 3608 9710 9858 4209 3807 8224
153 5111 5781 2741 3222 6590 2880 2938 5251 4759 4386 2816 8208
154 9349 4574 1880 6294 5343 2399 7783 2461 8940 6569
155 2171 58 7889 3462 147 5873 5371 7940 3613 2302 5855 8486 1153
156 7573 5339 8016 1361 1318 8389 4774 4032 2669
157 4958 5993 1976 5925 6899 4124 1553 5940 5121 4066 2958 9196 1649
158 7751 2798 182 503 4031 2197 9413 7743 6862 6840 4891 1034
159 6989 5863 1781 4202 6892 2195 9737 8247 6464 9784 1573 8722
160 2533 756 3048 7528 7314 9060 6260 809 273 8568 5676 1737 2127 6577 1708
161 8406 3865 7922 2457 1267 3989 9738 7190 5553 4241 2160 102 5240 831 4474
162 3728 9008 772 6192 8914 8640 8420 36 2913 7236
163 5895 6295 2868 3741 8780 1467 9368 7148 8916 7110 1481 3689 8162 6060
164 1580 642 3505 3365 2024 8849 739 6234 8330 2848 3356 5680 3481
165 2128 1087 4784 8706 2781 1522 9674 4941 3173 8195 9333 3820 1357 6503 233 3588 3581
166 8601 6701 9410 9724 6247 7672 7361 1819 6143 854 9161
167 9940 4255 913 382 7925 9546 8594 2401 2818 740
168 6486 4928 9081 7624 9470 2285 2470 5858 9895 8993 2082
169 6280 9075 3530 401 6081 7343 2175 6028 8967 8483 9897 9755 9224 8943
170 2407 8896 2349 7861 1940 237 1081 9459 8240 4076 1897 8986 3152 676
171 1076 4773 1749 5995 5602 6334 8800 7360 7298 6125 4354
172 6630 7564 1459 905 9902 3512 3304 2926 8710 4396 5271 7581 5838
173 3395 7379 2486 7949 6321 9842 1208 9061 2859 8948 7642 140 5683 9014 8363 2194 7789 5957
174 1098 8708 4334 5460 329 2547 7188 5405 9499 1622 8544
175 7267 4860 5330 5463 4379 9280 2113 8070 8876 2803 6362 8099
176 6482 4893 4974 2822 5290 6848 5166 4015 7954 6992 4524 9643 4523 9885
177 7647 8671 9828 4107 2061 1652 5230 3209 3320 3721 8407 208 8683 6599
178 6570 3849 3834 4597 5408 9764 674 9959 9102 932 626 4819
179 4055 8150 1354 3061 4647 6105 5923 3018 77 963 3111 9696 1674 6498 2074 6497 2934
180 1407 8507 9700 3274 1146 706 1927 7552 8646
181 4129 4222 5307 6578 4920 4204 4198 1120 2419 9721 9318 1282 4871 8498 8587
182 3752 5006 3078 3039 5566 6810 4105 5327 6628 7918 3118 4714
183 3570 9658 1262 2091 519 766 8725 4294 1555 1215 2804
184 6226 2437 7237 5176 2501 575 7804 5779 4201 6134 8766 2549 4734 3119
185 8284 3924 3847 9745 6674 5942 1599 8463 8056 1077 6705 5563 725 1964
186 9848 3720 4081 5293 2977 1162 201 5601 6224 2584 9171 566
187 609 294 1350 9955 2722 6545 2472 1114 4183 5430
188 4150 3163 1956 1122 98 3905 8169 1270 6748 3182 6794 6166 1838 7846
189 9380 176 6279 5310 5786 175 1906 5757 9370 3333
190 6798 6374 8835 7347 6591 9401 9924 1139 3094 951 9360 8098
191 292 2941 7798 8250 8277 1529 8356 4187
192 7012 6369 1733 6875 4607 3180 8345 7026 6607 3267 9015 6974 2515
193 8512 9418 2076 3368 7469 9503 2498 3117 6167 7617 6428 732 5525
194 7936 6537 2894 8212 746 4230 8231 4512 165 5805 6320 8866 2006 3454 3077
195 8932 6955 1971 8659 9705 618 3426 718 1410 3776 992 7245 8410
196 937 3371 9381 2892 437 7434 8747 887 645 8748 4103 3987 6452 9512 956 5972
197 9461 3889 9805 3114 7307 3595 3002 7453 4909 3857 9935 2687
198 7372 8885 1646 2815 8444 340 9068 5914 7213 1989 2124
199 4816 6750 1582 5108 9914 2269 748 9417 8642 5056
200 7790 3914 427 1178 5275 7801 6609 5862 3529 5346 7290 341 1289 4978 747
201 7710 1934 6101 6178 8455 178 5717 4525 3816 7492 7475 5909 9288 9933
202 443 9619 8111 6608 4409 799 659 5883 7888 6423 1715 2099 8113 4284
203 1129 8622 5514 1008 3417 3127 3964 7348 5031 5720 4878 5607 4841
204 1117 7088 9600 3147 9963 1189 608 3101 6988 2882 1363 3797 1066 6227
205 5849 2881 17 9790 8996 2732 6812 2428 2007 9694 7567
206 5565 5177 3943 5581 9900 5046 2631 2395 1032 1600
207 934 1689 6858 7393 8088 7345 2996 3677 8949 535
208 7762 7494 7359 3183 4256 5999 7823 9256 6854 6332
209 6730 2029 3351 7754 7474 5451 4887 7076 888 1799 8105 287 9747 3243 8008
210 5156 2617 7650 4383 9701 6146 9605 2928 4788 8206 3966 3937 2318 6954
211 3684 9580 3933 7638 6249 6338 263 8620 8198 7114
212 9205 8809 2051 5990 6747 6651 6019 5080 5562 8763 4633 3202 8983
213 3528 9174 6059 2999 7808 4446 9570 3109 9341 2168 7287 9886 9230 148 4897
214 7395 4205 3725 4697 9346 3413 2243 517 4806
215 8784 1904 1119 80 4101 7067 4290 1442 5575 8141 3742
216 6827 5668 547 6843 4931 271 9739 3270 1298 311 3879 2291 3502
217 4890 601 7014 8434 9048 5415 2231 5353 433 5395 1111
218 5767 8687 421 493 8059 7164 5055 9034 5950 8542 9194
219 8652 8618 3008 5752 2691 2648 2393 9444 5965 8664 4223 154 3535
220 5775 7192 7945 9627 2504 3946 1017 7586 6712 2062 2997 5486
221 1292 4884 9017 9031 5048 2396 3217 2649 8915 2109 3126 3363 3404
222 4337 7222 6776 9219 4555 9638 2952 7875 3735 3999 6342
223 7610 789 4177 957 710 7908 1197 1483 7411 1391 9388
224 7992 2904 3584 8196 6241 2603 2778 1316 1893 1790 7611 1170 6144 2973 1963
225 8663 8133 3344 672 4079 6757 9167 7028 3277 3923 1349 2830
226 6945 9465 1871 8156 8814 5853 319 3815 1071 6824 1854 4097 2925 463
227 1121 6427 641 6152 2020 3151 9989 7712 5886 436
228 5821 511 6161 5500 1041 2525 8548 4036 6631 498 7398 8358 3450 5182 1479 5630
229 6903 852 989 5168 7040 7227 1909 6808 699 6379 4827 8994 7044
230 3261 332 9019 1356 8613 5103 9056 7072 7953 4987 920 3484
231 8189 4240 1811 1640 997 1106 6351 219 2930 696 4832 7383 2346 6565
232 8017 2734 9415 6784 8894 315 1253 4266 9197 8715 6585 9878 4835
233 8711 8403 239 4873 1224 8869 7969 172 1323 2343 9255 5958 3789 2495 4147
234 9013 7415 1458 4402 4073 5235 5193 6375 1785 8204 2746 2326 7849 3153 6635
235 6785 2671 5473 3397 4203 9065 8405 7577 1165 3387 9437 3871
236 4317 6596 5773 1578 8215 2813 6002 6740 9378 3843
237 1252 7177 5541 5702 4238 6072 3069 2886 7328 9192 3828 5388 8294
238 6922 3597 3985 1837 7957 1519 4872 1194 8836 2681 2432
239 6967 8450 300 3801 3293 6476 7130 1495 3332 7924 8750 448 8990 5929
240 177 4705 3688 8182 9074 1634 9941 4111 7169 7676
241 9623 4613 6448 4115 1264 5381 5425 6650 7794 3965 1892 8900
242 8830 776 3020 7373 5157 7881 8902 6600 9203 9291 8897 3019
243 5412 5390 5536 2567 4466 1614 7149 2313 3508 213 8010
244 1601 8644 5912 8233 2284 3663 1991 5479 6325 6364 9770 6647 1950 3144 6496 1401 5584
245 7568 8382 1855 1980 3391 1742 4604 2415 6825 282 7516 6509 8808
246 1498 207 1430 3024 974 8238 1303 2795 2183 5917 3667 1040 5296 2119
247 3533 952 8313 265 6951 3336 8785 3362 2602 3636 7364 5069 2962 5920
248 8185 8744 640 2655 1732 288 969 6786 6318 2483 3770
249 7765 1421 3837 8858 4444 2083 3135 5549 9365 2274 4984 9583 8872
250 3427 4435 858 4277 5187 4576 7732 8632 5568 9526 9453 3358 6594
251 2139 4442 5569 439 3140 7020 3286 7240 5019 3655 6562 8571 5963 357
252 7254 5119 9133 8125 1850 5835 6908 5825 4531 3739 8627 2157 7870
253 1265 850 3263 1547 3565 5675 7021 325 2494 5112 5663 7495
254 358 9981 2588 4636 9304 5083 572 2101 587 9618
255 904 1333 636 2520 5612 8871 9371 7009 3086 4591 1063
256 1358 9340 9821 9537 7125 6777 9527 2012 1440 1763 1164 8593 2773 2586 8298
257 3343 2920 2381 368 9258 8841 9125 5389 4080 4550 9831 6454 915
258 8325 3440 9436 1768 3085 7277 5474 3246 8171 4635
259 5507 2121 246 9261 5671 682 6866 3954 8149 5472 5436 7535
260 2444 9448 1636 1437 482 6381 8440 6878 8221 9798 7718
261 8599 2856 1809 3653 7761 1865 7216 7187 6826 8383 9321 316
262 447 4174 6302 9259 4281 331 1372 9451 4008 4849 4763 7484
263 8078 6667 9398 4041 3605 8619 9329 4180 5379 7615 2640 6341 1972
264 3842 2595 8610 727 2639 9423 7414 3768 6928 6836 6946 8075 1438
265 1110 6742 8449 599 691 4818 1330 257 9 716 2709 1386
266 8685 2847 5987 3894 3435 2841 9668 8068 8248 1676 3606 3030 9531 6895 3762 7105
267 6262 1658 3585 5201 6248 2735 9991 1223 8302 5952 1109 1532 4353 8674
268 7199 2993 9785 658 5335 3642 9327 2503 2776 6066 6034 3602
269 9555 1256 1287 1948 8531 8306 5919 4540 559 8743 8073 7448 2823 1004 9929
270 3453 5061 6485 6933 3676 8438 6091 9190 9767 9762
271 9669 2651 3146 2563 5738 631 2935 318 6586 34 5960 5428 1581
272 4679 8470 1771 3081 8457 4057 735 1078 5146 4251 750 7641
273 352 6254 3936 614 8426 7265 3079 336 9508 6468 7208 9502
274 7699 8614 939 9342 3724 5554 9471 1867 2412 3526 3130 1097 9466
275 7652 76 5964 4302 1807 7916 715 6832 9386 9818 6548 882 6353
276 2288 8690 7023 8574 805 7927 1364 3056 7229 9593 9281 2441 8739 2638
277 8907 5248 3050 296 9524 9226 320 2202 8579 5477 8225 155 8965 8923 7480
278 2047 2144 4509 21 1118 2794 6289 5337 1929 6401 9355 1506
279 1293 4457 9712 9252 7836 4563 1275 7585 1569 8649 8819 3013 1542 1436 5426 8029 3539
280 8134 3750 2409 2829 5403 6597 8975 5493 2506 5127 3758 7063
281 1731 4962 7055 1923 8798 8338 1485 8040 5810 7853 3409 1621 9899 2951 8768 5726 9199 4965
282 9607 9677 264 2270 962 2397 1209 1177 9311 9303 6264 1613 657 4242
283 2842 8102 6490 1332 2021 8226 8396 4685 4712 5086 1777 4094 8714
284 2001 5185 1348 7800 8995 9511 7042 1158 649 8954 8904 372 720 7797
285 9971 7597 2117 24 4917 6673 7406 3028 8175 2232 6223 4565 2120 4641 9671
286 5457 7570 1776 344 7687 6136 664 2145 2372 1533
287 4639 5860 8465 6380 9916 7504 3860 9245 7435 1279 7527 9484
288 7709 4340 4027 724 1297 3299 1992 8794 5547 9262 5178 8520 6882 4944 9734 1291 6269
289 4548 2828 6581 4554 1365 6148 3934 3637 759 4366 8484 1716 5179
290 9404 2376 3998 8071 9601 8127 3492 9906 2427 9315 310 6172
291 221 9387 4867 429 1443 6547 4721 5209 863 5765 7792
292 321 8235 2209 9160 3319 1175 3974 980 464 1113 2186 3038 7817 4461
293 2439 33 5881 224 7796 8682 4463 9691 9732 9774 592
294 2019 4321 6919 4064 7774 4456 6681 2354 761 5085 6579 4326
295 5445 3673 6790 2450 8115 8815 7384 2293 2214 8476 827 3693
296 8130 1375 6737 2475 1567 71 6690 2365 2919 1598 9204 4568 4099 7425
297 9586 7981 6160 6109 9855 5815 2895 3016 6716 5342 5144 1302
298 8209 3700 3958 2580 49 2369 874 7247 9602 945 4304 6478 8051 9835 9743
299 1496 4350 6418 2553 7879 9733 953 2688 9554 3682 8041 946 293
300 7180 4320 9837 2400 8430 864 8186 243 8288 5580 2296
301 8922 7029 1908 7980 7404 6385 1663 1163 2364 738 4370 4558
302 6296 8140 5437 9146 8442 5347 1734 7635 7967 4417 6022 297 3442 2545
303 2429 8436 6410 7818 1351 4963 3318 500 6345
304 7933 7653 9216 9211 5000 8977 5515 5084 8626 5520 1007 8172 2430 4915
305 3579 6965 1559 6198 9435 7378 6670 5924 3771 8024
306 2123 6656 2492 4484 1571 6558 6299 2614 3614 6851 7545
307 9299 238 5867 9615 8749 2458 366 6315 5038 8021 4434 8054 7424 2630 9568 8085
308 4966 4341 7688 5382 9650 4393 4671 1639 4508 9184 7152 3723
309 1831 6244 8063 158 677 5367 6642 3181 2482 4914
310 9032 5573 9158 5989 3969 9516 9492 7773 403 7702 6211
311 4168 2087 5017 7648 7558 2071 7215 9001 6350 2824
312 3852 9709 5538 37 5169 9163 6300 7162 64 1981 8705 3657 4071 5540
313 9000 97 9920 1840 1938 6615 2256 5331 7131 5589 3104 0 9867
314 7049 8532 3322 6203 9037 8132 6431 944 346 7477 3009 5094
315 9777 9425 4747 6243 7135 4981 1171 3418 5606 3390
316 1784 3106 9047 1311 347 8118 8837 6018 544 1577 8067 9604 9993 7289 8295 4594
317 5175 5864 1091 2680 2959 6676 7999 6024 7058 9457 93
318 6528 8493 2538 7408 1907 355 6222 8792 4231 190 5842 8786 8624 6770
319 6189 3285 4651 392 5363 3995 7771 4840 2582 8672 3746
320 3781 5743 9889 5651 788 7603 9808 9168 1456 5244 3983
321 1566 5105 166 3628 2628 8701 6183 3229 7426 4421 6540 8588
322 2923 4296 4175 1888 8966 1914 4332 574 3064 5394 8625 1431
323 7219 5983 4620 7060 5300 376 4033 41 3054 8987 6706 2234 8597 6439
324 9518 5026 5480 5136 1144 2769 3070 111 3422 7734 301 8581 3537
325 2114 3254 6625 9830 7738 6709 7340 5764 2236 2548 2479
326 4925 5035 6576 3951 743 5210 3702 6936 5151 5509 2308
327 3156 5446 1205 2696 5424 4532 9954 2850 8276 7543 8586 6492
328 8848 6694 1841 9064 5450 8629 5829 2148 3846 3171
329 3950 2524 8938 1222 6736 350 1903 66 1678 5537 5287 3980
330 6347 7462 1228 7661 6620 5857 3087 7937 4856 2550
331 3203 4503 5059 1796 7972 3073 7987 7847 7352 5391 8583 4158 9428
332 551 7867 6614 6559 9990 9178 9928 4185 1399 7843 6158
333 5413 6141 8495 2143 4510 2752 7956 2406 7459 3609 6008 8735 8779 7090 3594 8935
334 8293 9294 3886 7776 9126 4857 2715 9475 4186 2469
335 9948 4797 6871 2897 206 9083 7351 7526 2695 7827 6778 4270 8732 7409
336 2 1625 83 2201 8280 2187 9207 5754 838 8469 7741 2658
337 8832 8658 4098 128 7284 9827 688 8926 6856 7726
338 7429 9565 9362 4968 1629 65 7693 1202 5447 3664 4478 7965
339 7153 2146 3869 6588 3962 7461 2038 91 5110 8348 6717 7859 6626 6258 4291
340 7138 8959 2908 2668 4154 1866 5272 6036 1607 9944 2721 1075 5534 2272
341 1791 7295 8166 6108 8635 7935 9073 588 4814
342 5423 5261 820 7037 5258 9571 4972 822 5582 8898 9085 5242 8851 4010
343 3032 683 6982 3012 7253 3303 2834 2641 2138 4289 7963 1423 6389 3870 9657 2008
344 1647 1534 476 6170 4901 5637 6713 9312 9637 5706 9405 7885 5611 8781 4225
345 1449 4738 283 5087 6902 3658 1516 2081 1419
346 9120 5871 3134 3174 5832 6990 611 9926 6524 5158 6063 741
347 4957 2433 6049 8188 1115 6042 2290 8143 7675 240 9510 7522 9079 3249
348 1448 877 5049 4665 4562 1752 3907 3610 4142 9859
349 7788 4677 2031 6023 3593 5255 6053 2867 6834 3003 4522 6413 6095 4674 8081 4086
350 6404 5459 9467 9391 6633 3835 9833 4448 5809 5686 632 8461 1379
351 9480 2670 802 1556 1824 4795 9667 218 1052 5693 141 4464 513 9414 3681 1740 1394 9776 8136
352 4234 7746 6621 9968 2556 5665 6861 578 335 3227 1108 3501
353 2322 6137 4664 8310 399 7339 6738 744 1128 8319 6758 828 1694 8882 6762 2987
354 2414 2790 4173 4415 6430 926 3944 6186 5217 7605 5186 9956 5163 8331 1620 2000
355 6973 5453 1214 7157 4652 555 7487 6627 5279
356 4526 3468 2569 6530 3373 2206 5044 907 4959 5666 6637 9597 917 2843 4151
357 4011 8499 5194 593 2825 2325 4632 4553 2229 1408 6434 3586 1226 7086
358 8908 8963 1615 6811 5609 1821 3542 3824 96 5036 3961 6964
359 3827 2827 5250 2739 7785 1056 9231 1723 416 8850 7413 8308 8964
360 1366 8928 9707 6316 5897 6030 6195 6595 1960 4585 2130 2089
361 454 9834 1405 2191 731 6752 4924 9140 1765 9108 847 2044 9768 5503 9791
362 7085 5097 1425 1759 7644 6859 6140 2624 106 9206 4394 6103 1151
363 1984 9742 8950 3046 5089 3632 5306 8227 712 8776 1705 9352 8944 8258 1540
364 6671 255 7602 2634 4896 7943 7772 3486 4998 6133 1236 89 8972 9317
365 4855 2768 3757 719 3634 9634 8428 6953 9811 5195 4496 348 4439 1902 883
366 1739 6011 4324 9736 3997 7302 528 7350 4577 7873 115 2126 1657 5523 8609 9856
367 5030 6084 2380 5216 4059 2531 8036 1219 7723 3461 4445 9862
368 2857 3555 3669 1699 9393 2254 9222 4120 3931 703 1255 6587
369 8533 7866 7887 3167 3635 2280 1877 5029 2338 6703 8301
370 5383 450 6082 5005 7598 9728 1409 9474 1548 1650 3748 1822 2780 510 5419
371 7183 5060 4567 6504 1743 6449 8028 7226 1317 9626 9106 5204
372 9979 7519 7560 2657 3132 7763 4257 7304 2176 6175 2005 7318 10 70 7591 8109 2745
373 6855 8368 3037 7087 4237 8138 7974 1851 1710 196 3604 8443
374 1174 966 5735 5935 4545 4781 4013 7294 4595 860 1682 694
375 220 4579 7625 6872 3793 7308 7231 3429 8032
376 2963 5229 8419 9407 9389 2851 9871 2485 5054 3851 7513 4401 550 9087
377 3234 6696 6107 7309 3479 1899 3386 5247 1762 381 1586 8734 650 8501
378 8257 5402 845 4588 7938 5131 8521 5434 7214 6546 1451
379 3524 6218 8630 6715 6718 2900 5626 814 3963 4118 5789 8984
380 6391 8423 5386 404 6015 1168 1412 7082 8689 2611 4582 3747 5015 5285
381 7742 3053 9939 9843 5747 2152 3877 7163 2460 1046 3438 7174 4382 227
382 9070 2298 1703 6672 7530 4298 5697 1212 7899 5100 6905 6925 9215
383 5064 5458 3113 2182 8767 2233 9409 2476 7143 3035 6132 4308 5672 2013 4662 4128
384 3836 2650 6149 6437 605 2392 8416 3125 8297 734 8275 8384 9706 7218 8014 4696
385 369 5885 9882 7377 1309 7962 1134 1789 1150 8899 4659 6823 3536 8106
386 842 477 935 5543 8429 9131 1761 4462 6335 3888 8934 7232 5574 7389
387 6677 9946 3726 3940 2542 1648 3580 4869 3312 5351 16 169 5429
388 1896 1192 4179 8142 4460 6214 1687 2297 2979 6828 20 457
389 7136 9950 3572 8870 7720 2593 6755 8341 6598 5629 6830 6057
390 272 3300 514 2178 5905 6845 9703 2702 2058 5141 4808 7111
391 7323 8712 6052 5728 3281 6575 538 7251 8546 3074 6720 5560 3476 686 5690
392 527 8177 3269 1471 8372 2783 3749 2335 6307 5535 4599
393 690 302 996 8960 1673 1006 6092 4994 5710 3785
394 4423 3292 8890 8385 9695 8388 7730 8117 8650 9804 488
395 6357 8404 7155 8228 8447 4135 5189 5400 1861 4801 4387
396 2562 6666 3714 1677 6646 8523 5396 7248 783 972 573 4431
397 1523 2307 8518 6746 4997 7779 7542 5032 884 1623 2077 3563 4716 5816
398 4660 5869 8487 9045 6187 3210 8241 2221 2837 9864 5256 2645 3283 4572
399 3220 4634 2261 1946 4259 391 779 1229 117
400 2136 4619 8774 1722 9242 8359 9057 4307 6568 6017 2037
401 1512 2700 8931 9016 3490 1792 7025 4271 6201 5008 8281
402 5387 733 8961 3253 9487 7386 1130 1307 6205 8673 9760 4422 4470 3193
403 4346 7894 5051 5077 4999 8585 8924 3780 4356 9450 7690
404 5373 7317 7371 1028 8562 1515 4264 6531 458 8615 5636 1176
405 9903 6021 6610 7768 8569 2522 8324 7485 6288 446 603 9462 5011
406 3004 7997 6153 9265 4400 7837 8375 6348 6934 5234 3600 3216 8471 7465 5861 818
407 7511 7496 6771 1043 2810 5696 7931 5839 6398 8243 5906 940 4612 3242 8889 2263 3059
408 7053 9301 6087 3388 2864 6456 7249 9960 4769 7288 1558
409 7705 9289 3123 669 2170 6164 2314 398
410 1858 9853 5420 1001 4792 7993 4704 1735 7330 2491
411 2898 9091 7471 2230 3473 7301 1227 2974 2032 5727 4683
412 3434 1912 3149 3291 3401 1758 8425 9666 2737 6952 662 930 7902 8424 2596
413 6458 4870 709 2329 29 8187 3805 4851 3523 4557 6471 2434
414 2184 521 9481 351 700 911 5947 8394 3868 8267 5907 624
415 3432 8927 7724 3423 7036 998 3414 6684 2915 133 312
416 6070 541 8958 9532 7784 3256 4475 7852 5561 5705 1280 191
417 2264 2685 139 728 5232 5628 62 8361 9059 7117 4580 5202 7903 3416
418 1560 9704 4095 5846 4130 7070 6846 3001 7655 7235 3463 936
419 8049 7795 2887 328 7660 1055 5016 4825 530 3158 4088
420 9807 6948 6191 5414 7523 3867 3791 2189 442
421 8883 9633 4528 1890 6102 3251 4829 7470 6511 8742 6221 1242 1238 1632 2212 4014 5155
422 4126 7649 3654 3361 5962 8459 9577 1693 5660 8952
423 2140 9905 3873 8272 9397 6516 44 8957 6665 3097
424 3911 4303 6267 6127 3381 2574 6841 2530 6055
425 3792 546 6047 1587 8905 705 3154 870 4953 9276 3096 1901 9028 4280 6196 9247 84 4252
426 5448 8269 3548 9348 4982 88 8741 3896 675 3715 7078 9823 7736 5956 3415 6611
427 4212 977 600 4437 1630 8920 53 5431 8033 6722 8628 2459 2874 3691
428 420 4108 7901 2788 7525 3611 3848 5808 6273 6480 9366
429 3160 8387 6920 2180 844 5991 984 6461 4029 5797 1259 8399 9588
430 1183 9646 8000 8953 6157 5587 2386 6402 9725 3172 3525
431 5316 4726 6292 2936 7081 6304 8380 8557 1127 893
432 2260 5643 6330 5495 7268 5701 6121 7427 2059 6793
433 1546 3982 8891 5898 1231 4160 3825 9598 5024 5639 6641 2155 3784 3573 2499 3853 9239 7467 5208
434 2870 3184 4933 1997 6037 379 9130 6863 2552 6349 2078 529 9159 4195
435 3753 8400 6506 4791 5099 9648 5741 1602 8011 5462 7685
436 7410 3866 5488 7282 171 4590 1662 1825 5933 5365
437 2698 9958 2292 396 7662 6704 9781 193 2055 8278 7807
438 3740 2370 1090 1603 8199 1246 1952 894 2927 7681 9816 7770
439 3207 4949 7173 2030 4638 8253 2673 9622 6422 8517 262 7206 247
440 4624 1201 2985 5614 9313 8803 516 6549 8145 1695 5730 6723 2327 6253
441 7725 6860 2022 8392 9488 1800 7946 144 7544 9445 9137 2805 4089
442 979 4711 7367 4935 4648 6282 6589 8170 2922 417 9592 1044 3959
443 4377 3043 8770 6741 9763 2289 3307 3389 6209 3309 1764 4777 5022 3783
444 7575 8260 6470 2706 5887 4521 9796 5847 1285 1889 1509 4390
445 8220 7507 2402 9585 947 6886 2536 8596 6179
446 8910 9611 8367 9477 3316 1387 3284 1248 55 8015 4034 4821 7536 3280 1441 9067
447 1329 2464 1135 7921 6064 9716 5567 2770 3378 9181 3821 9636
448 6829 7766 3138 2108 8037 6561 3488 7914 4489 4527 5181 210
449 3496 2982 7022 6465 4942 9134 4116 3622 6069 3813 6502 3947
450 8300 3704 9787 4988 2015 6911 6265 5704 6176 8183 2744 1181 6507 810
451 3576 7077 7976 3775 4191 2971 2403 2872 4328 8061 9229 9148
452 108 94 687 2199 3772 6039 1517 8845 3840 4736 4907 6115 3015 9093 250 2707
453 3380 6889 4983 42 5856 3014 1565 4693 395 3506 9372 4310 1342
454 774 5170 923 3647 2034 4853 4268 7045 5226 4037
455 5292 1919 4737 254 5618 3708 6721 6405 107 2572 8084 2107
456 3495 6319 8462 2026 5200 1798 9292 6663 4899 4596 9800 5401 142 5359 7489
457 4507 2324 3247 8042 8178 1883 267 8720 8989 8391 9986
458 6100 1691 590 5939 5792 9793 9412 1243 2754 7221 9094 9930 3324
459 5349 6301 86 4279 7609 8307 2245 4172 4182 6563 5043 7643 5662
460 991 9789 6991 6958 4766 2249 9569 7947 7276 338 6232 3195 7883 8600 7775
461 3460 9209 6443 3295 9617 4287 4148 661
462 2064 7154 8039 4724 8244 3968 5559 5959 964
463 2643 1380 7281 2694 4501 4189 2871 2539 9482 4485 151 9655 5492 2371 5880 3727
464 6305 9579 2661 8120 7715 2519 4910 4039 9690 8806 2500
465 4385 8062 7392 5866 6445 6286 8236 1670 2133 8526 9429 3973 2147 6517 4649
466 9982 8116 4822 1294 3744 8060 8980 6275 9797 5796 8516 9967
467 6687 5712 323 5302 2085 6652 345 2351 8279 9458 1191 9988 3716
468 9761 656 8773 2276 2760 3991 7279 3829 1879 1618 5659
469 1986 3049 1406 1466 497 8035 5892 1107 5125 1331
470 1476 552 7443 6937 7698 4077 6056 1574 7363 8413 6763 5442 9683 3121 9440
471 5572 5206 7258 5192 8458 1424 4752 9420 1637 4688 8604 8707 7239
472 5826 444 7038 8445 3310 6780 354 970 8287 652 2764 7430 9210 3928
473 9845 6048 8018 8822 7073 7112 8357 3122 27 3211
474 8539 9228 1320 3275 7697 2998 3230 6078 5734 773 2462 6961 5277 9566
475 5456 5360 7391 1536 3041 638 2703 5504 72 6213 2225 6076
476 5219 6538 3706 7782 7737 5392 6654 9308 568 3887 7329 1930 4214 3541 9711 616
477 3830 753 1042 8529 9483 3705 4667 8752 7490 6488 4123 6062 2188 9266 4837 1220 1757
478 3103 2052 1058 3521 1521 2759 2623 5526 7893 6329 2896 2196 9463 8992 5677 7713 5679
479 950 3128 7802 9863 387 901 6378 3591 6535 4216 3812 7991 205 6880
480 3509 8005 8810 3412 7584 9624 3660 9815 9305 9521 6541 1179 5433 7362
481 6534 2002 2102 4866 563 4804 9278 8344 5782 7046 6395 4319
482 7694 6491 134 9189 5117 6309 8261 5266 9675 4646 2215
483 6285 5012 8072 9595 2953 3504 1218 9587 6691 1047 4739
484 8022 1439 1477 4513 479 7338 679 4045 9522 2286 5485 138 8092 5322 7503 798
485 7133 5490 1562 3031 2508 360 8698 1628 2353 7118 7075 7482 8831 9274
486 910 9964 1313 5481 938 9036 6387 8704 8152 7815 5140 5966 8390
487 1538 7806 6572 3774 4560 3377 1718 833 912 7627 9395 2224
488 7845 4091 2544 7320 8703 4282 8491 9243 4211 1428 9664 6065 5416 137 136 6514 4755 518 5997
489 1339 876 9640 8818 4093 2068 2690 3021 7500 6639 2228 3650 5555 7904 1942 1847
490 3089 3115 2577 8547 9942 8108 1185 7476 3648 5930 5013 5610 6429
491 9144 105 3083 7008 9504 1917 7380 9430 4087 1692 9673 2463 6924
492 9139 6190 9273 7679 8918 1878 9392 419 7569 5257 1604 8211 9654 2860 1945 2796
493 3240 3189 2279 5818 9931 5148 9326 5153 9888 2514 5656 9233
494 6986 7670 9187 4049 4644 4170 621 6257 3068 6025 9608 4691 339 174
495 9464 2158 4621 9630 8892 5911 9186 8727 4676 7664 5081
496 1868 8947 3464 1937 3260 7755 1881 6444 3672 5649 2981 7134
497 4948 9851 4511 1745 8038 9170 4137 9590 8942
498 9443 8981 3499 8159 2426 1325 9934 211 6501 670 3392 3895 1606 2730
499 5654 7244 3960 6147 9552 7250 2014 2300 1916 322 3900 7116
