100
0 3580 1847 2485 4577 4548 2556 3376 1473 1884 2108 449 2428 7688 4460 1405 8414 1265 8600 8738 882 5046 2288 5414 5820 1512 7301 1208
1 731 9030 7292 3123 600 5508 2226 946 3996 6981 596 1309 6649 5865 950 2758 1581 8620 6890 3198 7269 700 1572 5515 831 364 5361 5519 178 430 1403 58 464 9903 278
2 8734 6575 4773 1548 3350 3203 3141 5878 1666 1212 3573 7893 1788 5108 9718 746 8006 80 1181 5819 3797 1953 7463 277 436 982 127 835 102 722 2610 7995 13
3 2047 496 1370 1615 2067 6284 3323 5435 4716 6961 2093 7975 999 1314 2567 6064 7792 1362 530 6329 7459 8297 5582 8342 507 6357 1135 3471 5848 7253 2518 5817 528 1577 1087
4 3348 4130 4146 6376 2152 1268 4791 2897 2309 4238 3751 6074 5161 3033 2348 740 6629 6913 6147 2436 5774 3420 3654 562 488 2894 818 2460 1377
5 3849 1958 3110 1735 1541 2622 5782 9664 1556 1702 2365 6555 1648 3098 4314 4642 1787 8044 6015 1889 566 526 1740 4790 1846 7574 202 3016 262 452 48 439
6 2612 5626 385 1391 9500 4881 1611 2565 2598 2349 9167 7384 6854 1982 9546 441 6946 537 1419 9749 1033 568 1880 1246 6398 2743 1164 3639 2959 2037 2005 9561
7 4371 2402 9517 8226 1496 816 1097 706 7367 3211 1985 1748 6662 4117 1021 2983 4362 1100 3500 1296 1576 398 948 485 3548 331 5222 1590 1315 4752 5429 30 170 807 848 6031 303 4848 74 38
8 3467 5367 4703 8149 7537 2244 6682 3450 8614 5357 569 4334 3394 2908 4517 5627 2171 3883 1060 2627 2773 4316 1971 9356 6531 3932 2308 8438 2247 4885 3494 6589 7553 7798 2491 5186
9 6304 2955 6729 1881 290 2079 2973 2720 951 956 5641 9652 2735 2652 1991 791 6992 1456 656 4938 1790 187 938 5034 1148 2631 676 3972 5442 2406 962 174 1756 7192 123 425 316 1313 6643 5226 293 4253
10 5926 4978 4137 2848 2932 468 3941 503 2842 687 2341 429 243 571 1132 2453 2838 544 476 224 2911 628 4372 1041 142 5638 4526 9086 559 529 9053 2628 2950 533 346 4430 836 1390 1363 203
11 6138 9351 4131 494 5173 1765 3070 8146 7283 438 2003 1122 4468 7414 3088 844 477 2692 2205 4184 1558 304 1412 2980 185 902 2479 742 1807 201 8168 1621 3224 7155 653 3000 72 492 236 7884 24
12 3483 1077 4500 2371 2902 1613 735 7807 4181 1229 2697 3379 1426 2529 855 1327 8989 736 6907 333 1476 521 826 3955 5762 90 2961 7399 2757 383 1250 154 300 2177 78 6571 6042 29 117 288 845 61
13 4397 1350 2188 765 3889 3933 3257 9799 6684 6434 9696 7658 8688 1413 8908 7027 976 2790 2582 2142 1452 7316 875 8888 4350 2464 3717 846 4001 8116 4319 1261 9274
14 3457 1384 1755 9559 1131 237 1641 3127 1149 1228 9675 5721 3516 3398 4417 4788 6756 2859 4594 4539 9868 3773 7226 2815 4404 2014 7961 2604 5845 4973 1126 3759 710 1324 6979 1861 355 1216 231 35 143 1190 17
15 7585 3389 1597 1766 6086 1404 574 1049 630 605 318 1903 450 886 2960 4182 2235 6243 428 329 2250 1245 2521 9021 206 1489 87 2114 284 3679 233 3476 405 103 1161 138 54 2065 52 22
16 1447 9543 2268 4797 1188 3417 3632 6991 6027 6716 898 3243 819 1015 3893 5617 5403 5791 3536 9225 8486 1035 2356 3660 3178 4244 1596 4930
17 8034 9803 2355 3923 1352 1185 622 361 6797 2924 2809 8015 215 5278 1667 1421 3282 739 3735 1396 633 2202 7818 3274 3900 435 1710 4278 759 5893 454
18 4102 6986 3983 1604 1398 4299 4854 878 2680 7182 2990 790 965 7214 2146 1222 1243 2929 6475 720 7557 6787 362 242 939 8703 465 1052 4781 157 95 3626 286 1687 18
19 995 3142 2374 2391 7133 2398 5693 2916 545 3455 4940 2457 5325 536 1670 787 6879 1665 9430 3447 1742 2564 5497 2561 1873 7373 1900 3861 704 1333 7406 1685 2432
20 2153 3172 5526 4408 5001 595 989 159 1919 1514 1729 908 3317 1168 7347 336 379 1481 9562 490 1005 1058 9519 712 655 935 2979 516 7606 250 214 1290 1039 210 5154 247 19 148 62 26
21 7242 1482 5532 2494 4837 6943 952 2191 5269 757 1859 1723 1490 625 6379 249 8743 463 2380 1213 1128 474 1293 2160 409 1304 85 9677 2025 342 168 2546 412 109 6
22 1310 2163 745 1098 894 298 6747 9425 2000 3009 4698 4419 2949 2804 387 881 3680 843 2045 5110 4328 458 9673 584 3221 6731 822 173 1563 6035 37 442 69 6599 1024 859 49 96 73
23 4607 4830 4480 3856 1480 8476 1083 8969 4343 9137 868 3648 9306 2232 947 3908 7805 702 5604 6480 6676 4162 535 3989 1271 5459 567 5120
24 5333 940 3790 6238 390 2812 3843 6408 8601 725 125 539 4824 5052 7387 8488 4908 1011 641 769 602 181 323 1217 3699 167 91 65 3301 6697 186 330 31 4
25 2571 5511 4896 932 1200 2725 6115 1199 3880 1347 3125 5874 4724 4100 888 2794 3251 6813 1307 8243 2712 5346 2947 4911 1637 392 8136 3262 400 479 2737 7706 2321
26 4090 1951 1388 5005 3532 6783 513 580 3488 1435 714 493 92 4051 561 4335 4807 597 2333 1816 3730 1127 469 5027 587 328 6249 1027 406 222 2844 9798 1436 28
27 867 2780 3774 4581 604 3179 3957 6581 1754 3911 2928 5749 487 767 9693 9085 283 893 9262 1014 1301 1732 3064 5830 2889 246 626 343 2805 121 4584 414 431
28 2486 5921 9894 3724 2254 5909 4657 697 4364 1338 4271 9836 420 7408 1008 2576 7590 6785 8103 1643 557 6424 2968 900 842 7971 1713 1000 975 217 1663 645 402 1865 830
29 6459 7279 2251 6612 1534 1599 2330 2644 3987 4875 480 721 4667 1191 4044 4672 4560 3424 5447 4088 1867 3013 2681 629 727 592 4757 8692 4914 4632 1721 541 780
30 3870 2112 823 2167 9872 3167 1871 8740 4532 841 4597 2072 1356 5686 3901 1999 8241 4801 3895 696 986 7774 4514 4638 1906 5417 3943 9360 8427 8938 4325 314 6696 6097
31 8751 3004 964 3980 1823 6572 840 9908 1088 761 263 694 678 126 6705 4604 6440 1989 216 9162 4683 918 5359 5021 2426 238 1320 7070 354 1530 47 1506 3618 5
32 3992 684 176 4040 1741 2938 2746 9073 9175 709 2184 3596 1614 235 4227 104 1150 2715 505 3458 1368 6382 861 81 180 7170 113 2882 175 1414 281
33 6656 5150 1387 5754 1917 4820 6980 3609 6636 1365 1990 1059 3624 1102 1224 1922 864 3600 9896 501 1806 2033 5492 809 158 315 2862 2219 523 289 7437 4129 990 118 446 2624 151 1257 66 582
34 2713 4023 9886 681 434 8355 608 2593 4977 688 4596 860 666 1587 515 4895 466 396 760 936 909 4133 2619 437 6604 1902 3768 4474 8076 134 4685 2986 1866 550 264 1378 5850 4104 55 0
35 6059 4410 5895 9392 4472 1440 5305 7378 5552 4169 1538 4710 3303 8991 3190 7709 3020 5158 8315 8450 4551 3126 4435 675 1842 1767 2581 1782 3560 2516 1504 953
36 2274 9521 6022 988 3808 1214 4688 3230 6210 5193 5502 1501 3537 647 5823 1936 7267 1783 4654 6539 8454 1323 998 1698 4662 1638 4984 1886 7748 3535 805
37 7984 1737 2659 6051 5490 1317 5914 3950 3949 8100 1269 2542 6552 776 1921 2096 6523 5084 2147 3222 198 4096 2430 5597 2469 1089 1446 371 6130 4659 363 1233 594 817 866 514 395 6755 1372 3140
38 1714 7776 8516 4018 3926 1239 7764 2992 2717 2311 8704 2880 5957 9138 3478 8643 1862 6411 461 2173 3490 4694 959 4862 4535 2840 4009 440 2222 1716 4221 4809 7852 3493 9842
39 7104 1171 4768 1082 393 8735 506 1973 192 421 879 979 2688 750 2143 204 896 3813 7593 632 2125 169 796 792 166 2128 219 2383 86 1927 2503 172 1743 189 209 701 94 322 1251 1854
40 4841 3441 2120 6831 2137 3135 1987 1789 2454 1463 1230 6154 803 814 2745 3929 6226 8407 1821 9203 7181 972 3380 9701 766 606 748 8890 9786 374 2056 1358 1853
41 1408 797 899 2270 527 1322 4858 5706 1837 7591 808 1679 3017 581 6763 781 3959 2748 784 3784 2076 4241 7147 340 162 554 2344 6538 156 5737 1516 20 5038
42 1656 968 1263 7672 482 444 4225 2228 7854 7208 261 8871 5246 408 7431 9567 815 1694 4537 1664 588 546 603 3617 1552 1460 478 422 800 9338 8931 2400 5412 432 1108 42 131
43 2198 3495 2337 9373 376 6818 2104 9271 1993 2021 3449 6047 2507 4838 2904 5124 1274 1339 575 3291 3418 2869 3826 4341 9528 8663 4320 2063 2211 2201 6057 1175
44 5851 1153 7518 5621 3369 8520 1086 9255 8755 1380 1675 2601 2305 9485 2603 2563 1410 6161 9400 540 2329 4226 1379 339 2293 1062 945 1427 2312 1588 806 7278 7979
45 7055 1173 2818 3158 6082 2190 9061 753 665 447 3644 226 671 365 1954 6001 105 5270 6514 1996 6661 4025 1601 8843 183 107 44 462 509 239 5999 193 27 384 4211 229 225 1
46 3831 7037 4686 1673 764 598 833 895 1337 911 5374 1140 2446 1546 1386 8718 9511 5842 5209 777 2405 6181 856 1057 367 1944 8929 1382 733 8160 1805 788 1704 70 1340 4704 9902 15 1502 83
47 3514 2264 6930 2685 3079 9768 4063 9134 2587 4722 1532 4060 1048 345 6642 1134 344 981 1001 1072 7685 1235 130 2266 5990 775 8150 245 194 266 101 1119 140 129 67 12
48 4247 6337 7674 1510 3708 4476 3825 686 1344 5547 9433 357 8326 6410 916 6336 1653 2988 1260 2920 8616 2825 248 1371 4821 124 3692 218 366 2863 5728 33 3684
49 1734 4613 969 7337 3392 7281 763 689 471 4164 738 2662 699 6012 5221 1909 1074 483 2239 259 7970 1752 3236 7718 9957 6137 646 88 1959 297 419 272 8973
50 4178 5295 7086 8503 1620 2762 3384 4331 2066 4761 9676 6558 4273 8063 5601 923 2224 2292 1567 7135 644 1166 4022 8123 6688 3343 871 7357 5969 3443 6828
51 9365 3046 2826 5501 6877 1960 6211 9213 3084 5031 6463 5230 3734 3218 2633 3634 1692 7694 1602 1491 623 3824 415 3924 1848 1417 3586 6237 4847 2420 2410 966 4606 4705 213 8783 9234
52 6402 3182 4277 9913 1094 3505 1070 1493 4844 2523 2162 2042 4495 1316 4223 5407 7768 9946 2512 9832 4869 5662 3615 9770 1280 1445 901 897 1096 7252 7959 2029 5555 2948 4415 1023 3819 6919
53 2538 404 6094 341 1983 7064 2473 524 1353 5882 6043 755 1300 1428 2262 8629 2218 2739 348 295 8512 7981 184 2052 724 978 2135 4478 369 171 1434 334 3038 2282 114 7433 230 510
54 3887 996 8240 2415 484 3542 578 2709 3128 3513 1466 368 3659 7032 1528 7238 5803 9538 1146 5583 926 1657 6791 522 6207 2649 451 241 5507
55 850 6887 6467 1270 4650 4507 7609 579 401 3254 228 3388 3244 1810 4482 747 302 2105 2456 1197 3553 2710 3551 789 377 543 8345 3425 1184 163 1373 1137 132 460
56 8402 3756 880 5838 3577 825 5276 889 4390 3006 481 6055 586 1198 7815 292 1406 1075 4452 2451 9742 719 5566 1697 8702 3796 6348 799 8114 1913 2431 108 391 16 32
57 3975 6452 4618 5801 3059 3499 884 372 5797 708 4964 287 2062 486 9566 136 1706 1595 1696 2683 619 5724 4859 1107 268 4152 778 2458 111 82 2883 53 456 6169 11 7
58 3106 520 7922 8806 2907 8322 2640 9454 994 1700 648 254 1635 1603 2064 257 311 1484 876 9414 359 716 3338 3131 6188 3973 730 144
59 8139 2237 1781 5643 1882 3280 828 6335 9005 657 1477 3952 1238 2231 2043 857 1997 2732 4936 2956 4913 9412 3101 3962 3226 5376 8138 6036 4646 6246
60 3410 5985 2170 3199 2831 942 8299 3005 5181 6848 2157 5177 3616 9019 5125 5616 564 4742 2573 5011 3884 2300 705 5554 4609 1147 4413 7295 3181 3387 6702 813 1912 3484 713 1988 1513 1775
61 3807 1887 2592 3305 7710 2634 8672 7473 1177 674 2795 1165 1626 1029 4968 1218 321 1511 553 2759 9678 798 3594 8586 1815 5688
62 2616 9502 7624 2106 8480 3428 2853 3604 661 1106 2785 5876 491 650 3052 3234 146 4197 2196 195 325 1187 583 1117 1826 1169 2575 5672 6044 4089 919 2951 1051 770 1610 2091 1841 77 495 64 662 164 5014 332 10 356
63 7892 4813 3642 1554 794 307 925 5063 3112 2158 906 3249 3337 1524 135 3100 652 660 2921 5190 57 2690 5127 7820 1183 59 1206 188 115 5410 1283 280 2178 147 2363 45
64 9584 6769 782 977 1227 4734 3169 9211 312 3334 5859 1547 2967 1872 904 9305 9460 1968 5091 1236 3032 512 2958 208 576 265 1167 5055 373 3940 565 310 79 2145 987 282 56 352
65 3767 5482 9301 7151 1203 5196 1298 618 862 4729 3175 2525 643 1849 853 2413 3946 4819 7122 8428 890 8518 7287 6205 2791 3293 9493 8401 1582 941 1247
66 1093 417 4679 551 2663 9277 5454 3374 5302 801 2210 1272 3289 6934 211 296 795 669 252 774 4019 97 4673 7325 4180 133 1282 5915 4872 5973
67 3477 3266 2291 2295 984 1566 2193 891 1264 1728 2148 1429 2195 2187 411 5812 375 1956 160 1623 1225 1843 60 1345 601 779 309 1863 472 6259 2769 240 2132 3711 25 119 63
68 5661 6698 3591 5872 9710 9355 1888 4798 5667 5539 3603 1803 2378 6745 8466 752 1351 2524 1407 255 887 635 190 424 2942 273 1078 2517 499 197 2657 1130 161 207 5350 4138 433 244 68 8733 9
69 8271 6543 4342 5788 1468 3846 5896 4124 4035 4828 572 2448 1875 4436 8055 3204 2100 3608 9565 3299 7371 2864 4763 7394 2919 394 2782 2884 306 2925 1125 3820 1708 1877 5494 6692 963
70 5860 8272 5169 2399 6344 3903 8864 1824 9572 2425 2013 3456 2939 744 3842 9013 2609 5255 7559 2666 7876 4459 1376 2229 2695 1366 5264 3686 9140 2020 631 2392 1357 4032 2514
71 2513 2591 793 196 473 327 1461 4148 723 407 2477 182 360 6438 153 9357 448 443 5275 2212 1099 3003 2665 4370 84 5020 350 1389 8088 663 651 2684 3
72 4525 1876 1095 1894 7986 9359 5689 7165 2595 3162 664 6462 1942 1294 1244 6126 8660 6820 3402 9666 6786 2119 1509 5916 2611 3164 3358 851 9206 1064 1144 3839 8965 1758 7797 324 2094 3828
73 3706 1256 5847 5235 4726 1277 1055 693 6874 2172 1442 317 2860 220 3357 4151 6504 1562 751 1845 308 1495 637 7702 6359 1311 110 2878 9547 137 23
74 2700 914 9471 1486 1328 2048 8875 5792 2156 1026 6450 1979 2522 9295 2199 275 992 659 1332 418 621 1518 1210 1545 649 1073 2568 3502 517 234 8365 612 258 2385
75 6165 1629 679 1266 627 1925 1383 5306 4894 489 9977 2203 1522 2551 3710 1628 8004 1061 7231 6767 3520 756 3561 276 8180 358 1279 388 1883 427 1499 1593 141 762
76 2060 957 6321 2965 4336 7142 8725 773 577 4738 1038 1771 2220 683 1367 6288 1342 691 508 381 6174 305 556 3279 128 455 3228 39 2 43
77 3180 2629 7156 1608 4959 5832 4363 6600 1267 1549 3153 924 5286 913 3811 6356 617 7831 8795 8332 6163 2258 1139 3740 2533 8025 4098 2336 7509 5022 7342 6896 3574
78 6049 611 7895 1030 3700 1402 1465 6171 397 467 2702 2579 4477 2664 2088 1686 1105 885 1950 1967 1152 1677 5834 5625 2327 3324 3761 1438 1948 1042 1156
79 873 7584 6290 9948 2466 532 4428 1155 3715 3890 3452 5795 1193 1392 1278 1136 1642 291 5241 2751 9843 1579 1961 673 6630 1935 1811 1800 7791 3969 1709
80 2741 3166 869 1360 9794 589 1067 1195 685 1799 1044 3528 6307 1540 3124 382 542 221 1012 3433 5479 1159 703 7274 1232 319 380 9628 4680 299 112 2012 36 99 609 41
81 7677 7117 929 2126 3044 518 1627 5062 4621 3673 5392 3661 1375 457 2102 2852 8992 152 3712 6912 2496 715 934 4386 1079 5170 200 1361 93 3252 3430 8
82 3102 6394 907 5512 9320 958 642 5419 1325 3144 5144 5675 1844 6037 320 1329 1671 718 1424 271 839 502 5472 337 1937 1606 9711 1759 21 14
83 5959 4188 3194 7687 2087 3056 1004 2098 7763 8839 1237 4139 353 9556 511 2433 313 3689 560 3246 2706 1084 1141 1574 6158 155 1483 593 6607 150 349 279 4046 1857 89
84 9047 5862 4347 9933 638 5779 4995 3919 2871 9476 5489 824 6354 4450 4266 8799 1302 3907 1469 4950 2701 2168 1275 1939 2421 971 3094 3089 5725 2136 9335 974 613 3171 3008 7400 7341 837 1158 1963 9890 256 9375 386
85 4985 1949 1718 4779 1312 2682 5463 4602 6252 223 1660 639 8360 525 2397 2730 5371 9609 1393 5605 2562 758 912 4240 3559 2024 1449 6234 9442 122 232
86 636 8579 4971 2527 6087 2019 267 4120 3137 5167 2444 961 347 3526 3354 3563 538 3119 980 726 2233 9041 1318 1121 2987 5294 1896 351 227 1757 98 2221 2051 500
87 2841 717 2509 5561 7756 1286 4589 2340 7013 2978 5469 5136 6790 3511 677 2447 7345 149 1725 3160 1009 3593 2482 2594 2334 6045 949 6052 4048 6779 251 8949 6614 3053
88 5546 9593 2322 9967 2169 1010 7481 854 2423 403 497 2408 6847 7195 3879 2552 1515 1080 1053 470 772 9040 928 3400 1571 5731 2475 5778 1591 1503 7777 672 3915 6025 1583
89 7548 3470 943 1981 5773 847 5520 2377 1975 1101 3938 2886 3894 531 997 8244 4793 5540 260 1201 9465 1654 1459 459 682 1739 624 335 6510 2832 8886
90 9824 2899 9054 4171 3412 7085 9358 1068 2207 786 2718 2849 3320 1223 7245 1189 1104 3935 610 3022 3977 1462 4259 7266 4329 1776 1110 1397 8461 6549 3814 1828 76 1808 2209 4479 6160 1071 3223
91 5659 7600 2452 1474 8585 1142 445 1287 1932 1091 3909 1066 534 970 4465 1746 1691 6005 654 6018 4081 2650 3066 1016 139 426 378 3794 1804 177 100 338 2424 145 3208 253 71
92 1334 8713 2298 5355 3349 1288 9607 7924 4361 1065 9906 1123 2738 5165 698 549 903 3676 2078 6166 2696 768 590 8948 165 8444 399 475 2360 4630 1054 40 585
93 3497 6577 5329 1850 4497 4332 937 1584 863 1525 2285 7092 3540 5041 4070 2419 8421 3201 5760 695 7495 3777 5811 5330 5929 5140 4501 1032 4533 7315 4016 2493 2133 2497
94 4281 3804 3095 3981 3509 7956 1812 2605 1202 8835 370 1255 3871 1047 4834 5119 5271 7639 5633 453 1661 1526 2729 983 3121 2286 7635 4103 680 8087 2639 2850 294 5477
95 5101 8094 2923 6593 7288 3543 821 4150 3414 5521 3154 9740 4168 2764 8156 8538 5620 812 2670 4529 4810 3170 5516 3068 7234 2668 4006 9639 4845 4337 3937 6412 1114 4300 7866 191
96 4288 9831 1249 2566 4207 1777 1186 1680 8442 548 5195 8388 7304 2099 2638 1607 5875 6222 2240 1116 5382 4466 8010 4145 4421 7307 2271 1899 737 2164 734 883 2345 2165
97 2614 5381 4142 8761 2070 4962 3151 9743 3582 7753 1112 6454 3492 3769 3782 8567 6906 1395 1192 707 6102 6257 5065 573 3397 4301 285 1938 960 1002 1992 1258 212 413 658 1478 519 34 670
98 3097 2304 5394 1825 804 3332 6990 2095 1006 7723 2039 1207 6927 915 927 1736 6546 7243 9782 1672 1636 6201 5645 6400 5748 1658 410 179 46 106 1487 205
99 2625 269 1561 199 4552 599 5524 5681 5863 2478 120 4947 5197 8056 3881 7497 6689 933 1401 1017 1209 498 301 75 389 270 5299 2498 51 50 116 1966
